  Maps.c
C:\Users\Balint\Documents\GitHub\RPGame\RP-Game\RPGame\RPGame\Players.h(21,24): error C2143: syntax error: missing ')' before '*'
C:\Users\Balint\Documents\GitHub\RPGame\RP-Game\RPGame\RPGame\Players.h(21,24): error C2143: syntax error: missing '{' before '*'
C:\Users\Balint\Documents\GitHub\RPGame\RP-Game\RPGame\RPGame\Players.h(21,31): error C2371: 'Player': redefinition; different basic types
C:\Users\Balint\Documents\GitHub\RPGame\RP-Game\RPGame\RPGame\Players.h(18): message : see declaration of 'Player'
C:\Users\Balint\Documents\GitHub\RPGame\RP-Game\RPGame\RPGame\Players.h(21,37): error C2143: syntax error: missing ';' before '*'
C:\Users\Balint\Documents\GitHub\RPGame\RP-Game\RPGame\RPGame\Players.h(21,45): error C2059: syntax error: ')'
C:\Users\Balint\Documents\GitHub\RPGame\RP-Game\RPGame\RPGame\Players.h(23,22): error C2143: syntax error: missing ')' before '*'
C:\Users\Balint\Documents\GitHub\RPGame\RP-Game\RPGame\RPGame\Players.h(23,22): error C2143: syntax error: missing '{' before '*'
C:\Users\Balint\Documents\GitHub\RPGame\RP-Game\RPGame\RPGame\Players.h(23,29): error C2371: 'Player': redefinition; different basic types
C:\Users\Balint\Documents\GitHub\RPGame\RP-Game\RPGame\RPGame\Players.h(18): message : see declaration of 'Player'
C:\Users\Balint\Documents\GitHub\RPGame\RP-Game\RPGame\RPGame\Players.h(23,35): error C2143: syntax error: missing ';' before '*'
C:\Users\Balint\Documents\GitHub\RPGame\RP-Game\RPGame\RPGame\Players.h(23,43): error C2059: syntax error: ')'
C:\Users\Balint\Documents\GitHub\RPGame\RP-Game\RPGame\RPGame\Players.h(24,21): error C2143: syntax error: missing ')' before '*'
C:\Users\Balint\Documents\GitHub\RPGame\RP-Game\RPGame\RPGame\Players.h(24,21): error C2143: syntax error: missing '{' before '*'
C:\Users\Balint\Documents\GitHub\RPGame\RP-Game\RPGame\RPGame\Players.h(24,28): error C2371: 'Player': redefinition; different basic types
C:\Users\Balint\Documents\GitHub\RPGame\RP-Game\RPGame\RPGame\Players.h(18): message : see declaration of 'Player'
C:\Users\Balint\Documents\GitHub\RPGame\RP-Game\RPGame\RPGame\Players.h(24,34): error C2143: syntax error: missing ';' before '*'
C:\Users\Balint\Documents\GitHub\RPGame\RP-Game\RPGame\RPGame\Players.h(24,42): error C2059: syntax error: ')'
C:\Users\Balint\Documents\GitHub\RPGame\RP-Game\RPGame\RPGame\Players.h(25,19): error C2143: syntax error: missing ')' before '*'
C:\Users\Balint\Documents\GitHub\RPGame\RP-Game\RPGame\RPGame\Players.h(25,19): error C2143: syntax error: missing '{' before '*'
C:\Users\Balint\Documents\GitHub\RPGame\RP-Game\RPGame\RPGame\Players.h(25,26): error C2371: 'Player': redefinition; different basic types
C:\Users\Balint\Documents\GitHub\RPGame\RP-Game\RPGame\RPGame\Players.h(18): message : see declaration of 'Player'
C:\Users\Balint\Documents\GitHub\RPGame\RP-Game\RPGame\RPGame\Players.h(25,32): error C2143: syntax error: missing ';' before '*'
C:\Users\Balint\Documents\GitHub\RPGame\RP-Game\RPGame\RPGame\Players.h(25,40): error C2059: syntax error: ')'
C:\Users\Balint\Documents\GitHub\RPGame\RP-Game\RPGame\RPGame\Players.h(26,21): error C2143: syntax error: missing ')' before '*'
C:\Users\Balint\Documents\GitHub\RPGame\RP-Game\RPGame\RPGame\Players.h(26,21): error C2143: syntax error: missing '{' before '*'
C:\Users\Balint\Documents\GitHub\RPGame\RP-Game\RPGame\RPGame\Players.h(26,28): error C2371: 'Player': redefinition; different basic types
C:\Users\Balint\Documents\GitHub\RPGame\RP-Game\RPGame\RPGame\Players.h(18): message : see declaration of 'Player'
C:\Users\Balint\Documents\GitHub\RPGame\RP-Game\RPGame\RPGame\Players.h(26,34): error C2143: syntax error: missing ';' before '*'
C:\Users\Balint\Documents\GitHub\RPGame\RP-Game\RPGame\RPGame\Players.h(26,42): error C2059: syntax error: ')'
C:\Users\Balint\Documents\GitHub\RPGame\RP-Game\RPGame\RPGame\Players.h(27,23): error C2143: syntax error: missing ')' before '*'
C:\Users\Balint\Documents\GitHub\RPGame\RP-Game\RPGame\RPGame\Players.h(27,23): error C2143: syntax error: missing '{' before '*'
C:\Users\Balint\Documents\GitHub\RPGame\RP-Game\RPGame\RPGame\Players.h(27,30): error C2371: 'Player': redefinition; different basic types
C:\Users\Balint\Documents\GitHub\RPGame\RP-Game\RPGame\RPGame\Players.h(18): message : see declaration of 'Player'
C:\Users\Balint\Documents\GitHub\RPGame\RP-Game\RPGame\RPGame\Players.h(27,36): error C2143: syntax error: missing ';' before '*'
C:\Users\Balint\Documents\GitHub\RPGame\RP-Game\RPGame\RPGame\Players.h(27,44): error C2059: syntax error: ')'
  Players.c
C:\Users\Balint\Documents\GitHub\RPGame\RP-Game\RPGame\RPGame\Players.c(26,12): warning C4133: 'return': incompatible types - from 'Map *' to 'Player *'
C:\Users\Balint\Documents\GitHub\RPGame\RP-Game\RPGame\RPGame\Players.c(80,17): warning C4013: 'getch' undefined; assuming extern returning int
  Source.c
C:\Users\Balint\Documents\GitHub\RPGame\RP-Game\RPGame\RPGame\Players.h(21,24): error C2143: syntax error: missing ')' before '*'
C:\Users\Balint\Documents\GitHub\RPGame\RP-Game\RPGame\RPGame\Players.h(21,24): error C2143: syntax error: missing '{' before '*'
C:\Users\Balint\Documents\GitHub\RPGame\RP-Game\RPGame\RPGame\Players.h(21,31): error C2371: 'Player': redefinition; different basic types
C:\Users\Balint\Documents\GitHub\RPGame\RP-Game\RPGame\RPGame\Players.h(18): message : see declaration of 'Player'
C:\Users\Balint\Documents\GitHub\RPGame\RP-Game\RPGame\RPGame\Players.h(21,37): error C2143: syntax error: missing ';' before '*'
C:\Users\Balint\Documents\GitHub\RPGame\RP-Game\RPGame\RPGame\Players.h(21,45): error C2059: syntax error: ')'
C:\Users\Balint\Documents\GitHub\RPGame\RP-Game\RPGame\RPGame\Players.h(23,22): error C2143: syntax error: missing ')' before '*'
C:\Users\Balint\Documents\GitHub\RPGame\RP-Game\RPGame\RPGame\Players.h(23,22): error C2143: syntax error: missing '{' before '*'
C:\Users\Balint\Documents\GitHub\RPGame\RP-Game\RPGame\RPGame\Players.h(23,29): error C2371: 'Player': redefinition; different basic types
C:\Users\Balint\Documents\GitHub\RPGame\RP-Game\RPGame\RPGame\Players.h(18): message : see declaration of 'Player'
C:\Users\Balint\Documents\GitHub\RPGame\RP-Game\RPGame\RPGame\Players.h(23,35): error C2143: syntax error: missing ';' before '*'
C:\Users\Balint\Documents\GitHub\RPGame\RP-Game\RPGame\RPGame\Players.h(23,43): error C2059: syntax error: ')'
C:\Users\Balint\Documents\GitHub\RPGame\RP-Game\RPGame\RPGame\Players.h(24,21): error C2143: syntax error: missing ')' before '*'
C:\Users\Balint\Documents\GitHub\RPGame\RP-Game\RPGame\RPGame\Players.h(24,21): error C2143: syntax error: missing '{' before '*'
C:\Users\Balint\Documents\GitHub\RPGame\RP-Game\RPGame\RPGame\Players.h(24,28): error C2371: 'Player': redefinition; different basic types
C:\Users\Balint\Documents\GitHub\RPGame\RP-Game\RPGame\RPGame\Players.h(18): message : see declaration of 'Player'
C:\Users\Balint\Documents\GitHub\RPGame\RP-Game\RPGame\RPGame\Players.h(24,34): error C2143: syntax error: missing ';' before '*'
C:\Users\Balint\Documents\GitHub\RPGame\RP-Game\RPGame\RPGame\Players.h(24,42): error C2059: syntax error: ')'
C:\Users\Balint\Documents\GitHub\RPGame\RP-Game\RPGame\RPGame\Players.h(25,19): error C2143: syntax error: missing ')' before '*'
C:\Users\Balint\Documents\GitHub\RPGame\RP-Game\RPGame\RPGame\Players.h(25,19): error C2143: syntax error: missing '{' before '*'
C:\Users\Balint\Documents\GitHub\RPGame\RP-Game\RPGame\RPGame\Players.h(25,26): error C2371: 'Player': redefinition; different basic types
C:\Users\Balint\Documents\GitHub\RPGame\RP-Game\RPGame\RPGame\Players.h(18): message : see declaration of 'Player'
C:\Users\Balint\Documents\GitHub\RPGame\RP-Game\RPGame\RPGame\Players.h(25,32): error C2143: syntax error: missing ';' before '*'
C:\Users\Balint\Documents\GitHub\RPGame\RP-Game\RPGame\RPGame\Players.h(25,40): error C2059: syntax error: ')'
C:\Users\Balint\Documents\GitHub\RPGame\RP-Game\RPGame\RPGame\Players.h(26,21): error C2143: syntax error: missing ')' before '*'
C:\Users\Balint\Documents\GitHub\RPGame\RP-Game\RPGame\RPGame\Players.h(26,21): error C2143: syntax error: missing '{' before '*'
C:\Users\Balint\Documents\GitHub\RPGame\RP-Game\RPGame\RPGame\Players.h(26,28): error C2371: 'Player': redefinition; different basic types
C:\Users\Balint\Documents\GitHub\RPGame\RP-Game\RPGame\RPGame\Players.h(18): message : see declaration of 'Player'
C:\Users\Balint\Documents\GitHub\RPGame\RP-Game\RPGame\RPGame\Players.h(26,34): error C2143: syntax error: missing ';' before '*'
C:\Users\Balint\Documents\GitHub\RPGame\RP-Game\RPGame\RPGame\Players.h(26,42): error C2059: syntax error: ')'
C:\Users\Balint\Documents\GitHub\RPGame\RP-Game\RPGame\RPGame\Players.h(27,23): error C2143: syntax error: missing ')' before '*'
C:\Users\Balint\Documents\GitHub\RPGame\RP-Game\RPGame\RPGame\Players.h(27,23): error C2143: syntax error: missing '{' before '*'
C:\Users\Balint\Documents\GitHub\RPGame\RP-Game\RPGame\RPGame\Players.h(27,30): error C2371: 'Player': redefinition; different basic types
C:\Users\Balint\Documents\GitHub\RPGame\RP-Game\RPGame\RPGame\Players.h(18): message : see declaration of 'Player'
C:\Users\Balint\Documents\GitHub\RPGame\RP-Game\RPGame\RPGame\Players.h(27,36): error C2143: syntax error: missing ';' before '*'
C:\Users\Balint\Documents\GitHub\RPGame\RP-Game\RPGame\RPGame\Players.h(27,44): error C2059: syntax error: ')'
C:\Users\Balint\Documents\GitHub\RPGame\RP-Game\RPGame\RPGame\Source.c(22,7): warning C4013: 'getch' undefined; assuming extern returning int
C:\Users\Balint\Documents\GitHub\RPGame\RP-Game\RPGame\RPGame\Source.c(25,13): warning C4013: 'SpawnPlayer' undefined; assuming extern returning int
C:\Users\Balint\Documents\GitHub\RPGame\RP-Game\RPGame\RPGame\Source.c(27,12): warning C4013: 'MovePlayer' undefined; assuming extern returning int
  Generating Code...
C:\Users\Balint\Documents\GitHub\RPGame\RP-Game\RPGame\RPGame\Players.c(110): warning C4716: 'MovePlayer': must return a value
